Arguments: 
  C:\Program Files\nodejs\node.exe C:\Users\tejod\AppData\Roaming\npm\node_modules\yarn\bin\yarn.js add prisma --dev

PATH: 
  C:\Program Files (x86)\Common Files\Intel\Shared Libraries\redist\intel64\compiler;C:\Windows\system32;C:\Windows;C:\Windows\System32\Wbem;C:\Windows\System32\WindowsPowerShell\v1.0\;C:\Windows\System32\OpenSSH\;C:\Program Files\Git\cmd;C:\ProgramData\chocolatey\bin;C:\Users\tejod\AppData\Roaming\nvm;C:\Program Files\nodejs;C:\Program Files\nodejs\;C:\Users\tejod\AppData\Local\Microsoft\WindowsApps;C:\Users\tejod\AppData\Local\Programs\Microsoft VS Code\bin;C:\Users\tejod\AppData\Local\GitHubDesktop\bin;C:\Users\tejod\AppData\Roaming\nvm;C:\Program Files\nodejs;C:\Users\tejod\AppData\Roaming\npm;C:\Users\tejod\AppData\Local\Programs\Python\Python311\Scripts;C:\Users\tejod\AppData\Local\Programs\Python\Python311;

Yarn version: 
  1.22.19

Node version: 
  18.18.0

Platform: 
  win32 x64

Trace: 
  Error: EPERM: operation not permitted, unlink 'D:\TEJODEEP_FILE\Websites\MY-Projects\tinyurl2\tinyurl\node_modules\@rollup\rollup-win32-x64-msvc\rollup.win32-x64-msvc.node'

npm manifest: 
  {
    "name": "tinyurl",
    "private": true,
    "sideEffects": false,
    "type": "module",
    "scripts": {
      "build": "remix vite:build",
      "dev": "remix vite:dev",
      "lint": "eslint --ignore-path .gitignore --cache --cache-location ./node_modules/.cache/eslint .",
      "start": "remix-serve ./build/server/index.js",
      "typecheck": "tsc"
    },
    "dependencies": {
      "@nextui-org/navbar": "^2.0.30",
      "@nextui-org/react": "^2.3.6",
      "@nextui-org/system": "^2.1.2",
      "@nextui-org/theme": "^2.2.3",
      "@prisma/client": "^5.13.0",
      "@remix-run/node": "^2.9.1",
      "@remix-run/react": "^2.9.1",
      "@remix-run/serve": "^2.9.1",
      "axios": "^1.6.8",
      "framer-motion": "^11.1.9",
      "isbot": "^4.1.0",
      "prisma": "^5.13.0",
      "react": "^18.2.0",
      "react-copy-to-clipboard": "^5.1.0",
      "react-dom": "^18.2.0"
    },
    "devDependencies": {
      "@remix-run/dev": "^2.9.1",
      "@types/react": "^18.2.20",
      "@types/react-copy-to-clipboard": "^5.0.7",
      "@types/react-dom": "^18.2.7",
      "@typescript-eslint/eslint-plugin": "^6.7.4",
      "@typescript-eslint/parser": "^6.7.4",
      "autoprefixer": "^10.4.19",
      "eslint": "^8.38.0",
      "eslint-import-resolver-typescript": "^3.6.1",
      "eslint-plugin-import": "^2.28.1",
      "eslint-plugin-jsx-a11y": "^6.7.1",
      "eslint-plugin-react": "^7.33.2",
      "eslint-plugin-react-hooks": "^4.6.0",
      "postcss": "^8.4.38",
      "tailwindcss": "^3.4.3",
      "typescript": "^5.1.6",
      "vite": "^5.1.0",
      "vite-tsconfig-paths": "^4.2.1"
    },
    "engines": {
      "node": ">=18.0.0"
    }
  }

yarn manifest: 
  No manifest

Lockfile: 
  No lockfile
